build/app/outputs/mapping/release/mapping.txt
# compiler: R8
# compiler_version: 1.5.64
# min_api: 16
# pg_map_id: 789d01c
...
androidx.lifecycle.Observer -> androidx.lifecycle.o:
    void onChanged(java.lang.Object) -> a
androidx.lifecycle.OnLifecycleEvent -> androidx.lifecycle.p:
androidx.lifecycle.ReflectiveGenericLifecycleObserver -> androidx.lifecycle.ReflectiveGenericLifecycleObserver:
    androidx.lifecycle.ClassesInfoCache$CallbackInfo mInfo -> b
    java.lang.Object mWrapped -> a
    void onStateChanged(androidx.lifecycle.LifecycleOwner,androidx.lifecycle.Lifecycle$Event) -> a
androidx.lifecycle.ReportFragment -> androidx.lifecycle.q:
    androidx.lifecycle.ReportFragment$ActivityInitializationListener mProcessListener -> a
    void dispatch(android.app.Activity,androidx.lifecycle.Lifecycle$Event) -> a
    void dispatch(androidx.lifecycle.Lifecycle$Event) -> a
    void dispatchCreate(androidx.lifecycle.ReportFragment$ActivityInitializationListener) -> a
    void injectIfNeededIn(android.app.Activity) -> a
    void dispatchResume(androidx.lifecycle.ReportFragment$ActivityInitializationListener) -> b
    void dispatchStart(androidx.lifecycle.ReportFragment$ActivityInitializationListener) -> c
androidx.lifecycle.ReportFragment$ActivityInitializationListener -> androidx.lifecycle.q$a:
    void onResume() -> a
    void onStart() -> c
    void onCreate() -> d
androidx.lifecycle.ReportFragment$LifecycleCallbacks -> androidx.lifecycle.q$b:
androidx.lifecycle.SingleGeneratedAdapterObserver -> androidx.lifecycle.SingleGeneratedAdapterObserver:
    androidx.lifecycle.GeneratedAdapter mGeneratedAdapter -> a
    void onStateChanged(androidx.lifecycle.LifecycleOwner,androidx.lifecycle.Lifecycle$Event) -> a
androidx.lifecycle.ViewModel -> androidx.lifecycle.r:
    java.util.Map mBagOfTags -> a
    void clear() -> a
    void closeWithRuntimeException(java.lang.Object) -> a
    void onCleared() -> b
androidx.lifecycle.ViewModelProvider -> androidx.lifecycle.s:
    androidx.lifecycle.ViewModelStore mViewModelStore -> b
    androidx.lifecycle.ViewModelProvider$Factory mFactory -> a
    androidx.lifecycle.ViewModel get(java.lang.Class) -> a
    androidx.lifecycle.ViewModel get(java.lang.String,java.lang.Class) -> a
androidx.lifecycle.ViewModelProvider$Factory -> androidx.lifecycle.s$a:
    androidx.lifecycle.ViewModel create(java.lang.Class) -> a
androidx.lifecycle.ViewModelProvider$KeyedFactory -> androidx.lifecycle.s$b:
    androidx.lifecycle.ViewModel create(java.lang.Class) -> a
    androidx.lifecycle.ViewModel create(java.lang.String,java.lang.Class) -> a
androidx.lifecycle.ViewModelStore -> androidx.lifecycle.t:
    java.util.HashMap mMap -> a
    void clear() -> a
    androidx.lifecycle.ViewModel get(java.lang.String) -> a
    void put(java.lang.String,androidx.lifecycle.ViewModel) -> a
androidx.lifecycle.ViewModelStoreOwner -> androidx.lifecycle.u:
    androidx.lifecycle.ViewModelStore getViewModelStore() -> b
androidx.loader.app.LoaderManager -> a.e.a.a:
    void dump(java.lang.String,java.io.FileDescriptor,java.io.PrintWriter,java.lang.String[]) -> a
    androidx.loader.app.LoaderManager getInstance(androidx.lifecycle.LifecycleOwner) -> a
    void markForRedelivery() -> a
androidx.loader.app.LoaderManagerImpl -> a.e.a.b:
    androidx.lifecycle.LifecycleOwner mLifecycleOwner -> a
    androidx.loader.app.LoaderManagerImpl$LoaderViewModel mLoaderViewModel -> b
    boolean DEBUG -> c
    void dump(java.lang.String,java.io.FileDescriptor,java.io.PrintWriter,java.lang.String[]) -> a
    void markForRedelivery() -> a